2016-02-27 08:27:00 INFO  LogHelper:46 - HHH000204: Processing PersistenceUnitInfo [
	name: default
	...]
2016-02-27 08:27:00 INFO  Version:54 - HHH000412: Hibernate Core {4.3.8.Final}
2016-02-27 08:27:00 INFO  Environment:239 - HHH000206: hibernate.properties not found
2016-02-27 08:27:00 INFO  Environment:346 - HHH000021: Bytecode provider name : javassist
2016-02-27 08:27:01 INFO  Version:66 - HCANN000001: Hibernate Commons Annotations {4.0.5.Final}
2016-02-27 08:27:02 INFO  Dialect:145 - HHH000400: Using dialect: org.hibernate.dialect.MySQL5Dialect
2016-02-27 08:27:03 INFO  ASTQueryTranslatorFactory:47 - HHH000397: Using ASTQueryTranslatorFactory
2016-02-27 08:27:04 INFO  SchemaUpdate:207 - HHH000228: Running hbm2ddl schema update
2016-02-27 08:27:04 INFO  SchemaUpdate:218 - HHH000102: Fetching database metadata
2016-02-27 08:27:04 INFO  SchemaUpdate:230 - HHH000396: Updating schema
2016-02-27 08:27:04 INFO  TableMetadata:66 - HHH000261: Table found: blog.avatares
2016-02-27 08:27:04 INFO  TableMetadata:67 - HHH000037: Columns: [tipo, titulo, id, avatar]
2016-02-27 08:27:04 INFO  TableMetadata:69 - HHH000108: Foreign keys: []
2016-02-27 08:27:04 INFO  TableMetadata:70 - HHH000126: Indexes: [primary]
2016-02-27 08:27:04 INFO  TableMetadata:66 - HHH000261: Table found: blog.usuarios
2016-02-27 08:27:04 INFO  TableMetadata:67 - HHH000037: Columns: [senha_hash, avatar_id, data_cadastro, nome, id, email, perfil]
2016-02-27 08:27:04 INFO  TableMetadata:69 - HHH000108: Foreign keys: []
2016-02-27 08:27:04 INFO  TableMetadata:70 - HHH000126: Indexes: [uk_exw5vja1pgfobcpqtldhnx6uv, uk_kfsp0s1tflm1cwlj8idhqsad0, fk_1viseg42e5ulcg81pw2taux7p, primary]
2016-02-27 08:27:04 INFO  SchemaUpdate:267 - HHH000232: Schema update complete
2016-02-27 11:09:49 INFO  LogHelper:46 - HHH000204: Processing PersistenceUnitInfo [
	name: default
	...]
2016-02-27 11:09:50 INFO  Version:54 - HHH000412: Hibernate Core {4.3.8.Final}
2016-02-27 11:09:50 INFO  Environment:239 - HHH000206: hibernate.properties not found
2016-02-27 11:09:50 INFO  Environment:346 - HHH000021: Bytecode provider name : javassist
2016-02-27 11:09:50 INFO  Version:66 - HCANN000001: Hibernate Commons Annotations {4.0.5.Final}
2016-02-27 11:09:51 INFO  Dialect:145 - HHH000400: Using dialect: org.hibernate.dialect.MySQL5Dialect
2016-02-27 11:09:52 INFO  ASTQueryTranslatorFactory:47 - HHH000397: Using ASTQueryTranslatorFactory
2016-02-27 11:09:53 INFO  SchemaUpdate:207 - HHH000228: Running hbm2ddl schema update
2016-02-27 11:09:53 INFO  SchemaUpdate:218 - HHH000102: Fetching database metadata
2016-02-27 11:09:53 INFO  SchemaUpdate:230 - HHH000396: Updating schema
2016-02-27 11:09:53 INFO  TableMetadata:66 - HHH000261: Table found: blog.avatares
2016-02-27 11:09:53 INFO  TableMetadata:67 - HHH000037: Columns: [tipo, titulo, id, avatar]
2016-02-27 11:09:53 INFO  TableMetadata:69 - HHH000108: Foreign keys: []
2016-02-27 11:09:53 INFO  TableMetadata:70 - HHH000126: Indexes: [primary]
2016-02-27 11:09:53 INFO  TableMetadata:66 - HHH000261: Table found: blog.usuarios
2016-02-27 11:09:53 INFO  TableMetadata:67 - HHH000037: Columns: [senha_hash, avatar_id, data_cadastro, nome, id, email, perfil]
2016-02-27 11:09:53 INFO  TableMetadata:69 - HHH000108: Foreign keys: []
2016-02-27 11:09:53 INFO  TableMetadata:70 - HHH000126: Indexes: [uk_exw5vja1pgfobcpqtldhnx6uv, uk_kfsp0s1tflm1cwlj8idhqsad0, fk_1viseg42e5ulcg81pw2taux7p, primary]
2016-02-27 11:09:53 INFO  SchemaUpdate:267 - HHH000232: Schema update complete
2016-02-27 11:22:22 INFO  LogHelper:46 - HHH000204: Processing PersistenceUnitInfo [
	name: default
	...]
2016-02-27 11:22:22 INFO  Version:54 - HHH000412: Hibernate Core {4.3.8.Final}
2016-02-27 11:22:22 INFO  Environment:239 - HHH000206: hibernate.properties not found
2016-02-27 11:22:22 INFO  Environment:346 - HHH000021: Bytecode provider name : javassist
2016-02-27 11:22:24 INFO  Version:66 - HCANN000001: Hibernate Commons Annotations {4.0.5.Final}
2016-02-27 11:22:25 INFO  Dialect:145 - HHH000400: Using dialect: org.hibernate.dialect.MySQL5Dialect
2016-02-27 11:22:25 INFO  ASTQueryTranslatorFactory:47 - HHH000397: Using ASTQueryTranslatorFactory
2016-02-27 11:22:26 INFO  SchemaUpdate:207 - HHH000228: Running hbm2ddl schema update
2016-02-27 11:22:26 INFO  SchemaUpdate:218 - HHH000102: Fetching database metadata
2016-02-27 11:22:26 INFO  SchemaUpdate:230 - HHH000396: Updating schema
2016-02-27 11:22:27 INFO  TableMetadata:66 - HHH000261: Table found: blog.avatares
2016-02-27 11:22:27 INFO  TableMetadata:67 - HHH000037: Columns: [tipo, titulo, id, avatar]
2016-02-27 11:22:27 INFO  TableMetadata:69 - HHH000108: Foreign keys: []
2016-02-27 11:22:27 INFO  TableMetadata:70 - HHH000126: Indexes: [primary]
2016-02-27 11:22:27 INFO  TableMetadata:66 - HHH000261: Table found: blog.usuarios
2016-02-27 11:22:27 INFO  TableMetadata:67 - HHH000037: Columns: [senha_hash, avatar_id, data_cadastro, nome, id, email, perfil]
2016-02-27 11:22:27 INFO  TableMetadata:69 - HHH000108: Foreign keys: []
2016-02-27 11:22:27 INFO  TableMetadata:70 - HHH000126: Indexes: [uk_exw5vja1pgfobcpqtldhnx6uv, uk_kfsp0s1tflm1cwlj8idhqsad0, fk_1viseg42e5ulcg81pw2taux7p, primary]
2016-02-27 11:22:27 INFO  SchemaUpdate:267 - HHH000232: Schema update complete
2016-02-27 11:23:28 INFO  LogHelper:46 - HHH000204: Processing PersistenceUnitInfo [
	name: default
	...]
2016-02-27 11:23:28 INFO  Version:54 - HHH000412: Hibernate Core {4.3.8.Final}
2016-02-27 11:23:28 INFO  Environment:239 - HHH000206: hibernate.properties not found
2016-02-27 11:23:28 INFO  Environment:346 - HHH000021: Bytecode provider name : javassist
2016-02-27 11:23:29 INFO  Version:66 - HCANN000001: Hibernate Commons Annotations {4.0.5.Final}
2016-02-27 11:23:30 INFO  Dialect:145 - HHH000400: Using dialect: org.hibernate.dialect.MySQL5Dialect
2016-02-27 11:23:30 INFO  ASTQueryTranslatorFactory:47 - HHH000397: Using ASTQueryTranslatorFactory
2016-02-27 11:23:31 INFO  SchemaUpdate:207 - HHH000228: Running hbm2ddl schema update
2016-02-27 11:23:31 INFO  SchemaUpdate:218 - HHH000102: Fetching database metadata
2016-02-27 11:23:31 INFO  SchemaUpdate:230 - HHH000396: Updating schema
2016-02-27 11:23:31 INFO  TableMetadata:66 - HHH000261: Table found: blog.avatares
2016-02-27 11:23:31 INFO  TableMetadata:67 - HHH000037: Columns: [tipo, titulo, id, avatar]
2016-02-27 11:23:31 INFO  TableMetadata:69 - HHH000108: Foreign keys: []
2016-02-27 11:23:31 INFO  TableMetadata:70 - HHH000126: Indexes: [primary]
2016-02-27 11:23:31 INFO  TableMetadata:66 - HHH000261: Table found: blog.usuarios
2016-02-27 11:23:31 INFO  TableMetadata:67 - HHH000037: Columns: [senha_hash, avatar_id, data_cadastro, nome, id, email, perfil]
2016-02-27 11:23:31 INFO  TableMetadata:69 - HHH000108: Foreign keys: []
2016-02-27 11:23:31 INFO  TableMetadata:70 - HHH000126: Indexes: [uk_exw5vja1pgfobcpqtldhnx6uv, uk_kfsp0s1tflm1cwlj8idhqsad0, fk_1viseg42e5ulcg81pw2taux7p, primary]
2016-02-27 11:23:31 INFO  SchemaUpdate:267 - HHH000232: Schema update complete
2016-02-27 13:04:08 INFO  LogHelper:46 - HHH000204: Processing PersistenceUnitInfo [
	name: default
	...]
2016-02-27 13:04:09 INFO  Version:54 - HHH000412: Hibernate Core {4.3.8.Final}
2016-02-27 13:04:09 INFO  Environment:239 - HHH000206: hibernate.properties not found
2016-02-27 13:04:09 INFO  Environment:346 - HHH000021: Bytecode provider name : javassist
2016-02-27 13:41:20 INFO  LogHelper:46 - HHH000204: Processing PersistenceUnitInfo [
	name: default
	...]
2016-02-27 13:41:20 INFO  Version:54 - HHH000412: Hibernate Core {4.3.8.Final}
2016-02-27 13:41:20 INFO  Environment:239 - HHH000206: hibernate.properties not found
2016-02-27 13:41:20 INFO  Environment:346 - HHH000021: Bytecode provider name : javassist
2016-02-27 13:41:21 INFO  Version:66 - HCANN000001: Hibernate Commons Annotations {4.0.5.Final}
2016-02-27 13:41:22 INFO  Dialect:145 - HHH000400: Using dialect: org.hibernate.dialect.MySQL5Dialect
2016-02-27 13:41:22 INFO  ASTQueryTranslatorFactory:47 - HHH000397: Using ASTQueryTranslatorFactory
2016-02-27 13:41:23 INFO  SchemaUpdate:207 - HHH000228: Running hbm2ddl schema update
2016-02-27 13:41:23 INFO  SchemaUpdate:218 - HHH000102: Fetching database metadata
2016-02-27 13:41:23 INFO  SchemaUpdate:230 - HHH000396: Updating schema
2016-02-27 13:41:24 INFO  TableMetadata:66 - HHH000261: Table found: blog.avatares
2016-02-27 13:41:24 INFO  TableMetadata:67 - HHH000037: Columns: [tipo, titulo, id, avatar]
2016-02-27 13:41:24 INFO  TableMetadata:69 - HHH000108: Foreign keys: []
2016-02-27 13:41:24 INFO  TableMetadata:70 - HHH000126: Indexes: [primary]
2016-02-27 13:41:24 INFO  TableMetadata:66 - HHH000261: Table found: blog.usuarios
2016-02-27 13:41:24 INFO  TableMetadata:67 - HHH000037: Columns: [senha_hash, avatar_id, data_cadastro, nome, id, email, perfil]
2016-02-27 13:41:24 INFO  TableMetadata:69 - HHH000108: Foreign keys: []
2016-02-27 13:41:24 INFO  TableMetadata:70 - HHH000126: Indexes: [uk_exw5vja1pgfobcpqtldhnx6uv, uk_kfsp0s1tflm1cwlj8idhqsad0, fk_1viseg42e5ulcg81pw2taux7p, primary]
2016-02-27 13:41:24 INFO  SchemaUpdate:267 - HHH000232: Schema update complete
2016-02-27 13:43:54 INFO  LogHelper:46 - HHH000204: Processing PersistenceUnitInfo [
	name: default
	...]
2016-02-27 13:43:54 INFO  Version:54 - HHH000412: Hibernate Core {4.3.8.Final}
2016-02-27 13:43:54 INFO  Environment:239 - HHH000206: hibernate.properties not found
2016-02-27 13:43:54 INFO  Environment:346 - HHH000021: Bytecode provider name : javassist
2016-02-27 13:43:55 INFO  Version:66 - HCANN000001: Hibernate Commons Annotations {4.0.5.Final}
2016-02-27 13:43:56 INFO  Dialect:145 - HHH000400: Using dialect: org.hibernate.dialect.MySQL5Dialect
2016-02-27 13:43:56 INFO  ASTQueryTranslatorFactory:47 - HHH000397: Using ASTQueryTranslatorFactory
2016-02-27 13:43:57 INFO  SchemaUpdate:207 - HHH000228: Running hbm2ddl schema update
2016-02-27 13:43:57 INFO  SchemaUpdate:218 - HHH000102: Fetching database metadata
2016-02-27 13:43:57 INFO  SchemaUpdate:230 - HHH000396: Updating schema
2016-02-27 13:43:57 INFO  TableMetadata:66 - HHH000261: Table found: blog.avatares
2016-02-27 13:43:57 INFO  TableMetadata:67 - HHH000037: Columns: [tipo, titulo, id, avatar]
2016-02-27 13:43:57 INFO  TableMetadata:69 - HHH000108: Foreign keys: []
2016-02-27 13:43:57 INFO  TableMetadata:70 - HHH000126: Indexes: [primary]
2016-02-27 13:43:57 INFO  TableMetadata:66 - HHH000261: Table found: blog.usuarios
2016-02-27 13:43:57 INFO  TableMetadata:67 - HHH000037: Columns: [senha_hash, avatar_id, data_cadastro, nome, id, email, perfil]
2016-02-27 13:43:57 INFO  TableMetadata:69 - HHH000108: Foreign keys: []
2016-02-27 13:43:57 INFO  TableMetadata:70 - HHH000126: Indexes: [uk_exw5vja1pgfobcpqtldhnx6uv, uk_kfsp0s1tflm1cwlj8idhqsad0, fk_1viseg42e5ulcg81pw2taux7p, primary]
2016-02-27 13:43:57 INFO  SchemaUpdate:267 - HHH000232: Schema update complete
2016-02-27 13:45:42 INFO  LogHelper:46 - HHH000204: Processing PersistenceUnitInfo [
	name: default
	...]
2016-02-27 13:45:43 INFO  Version:54 - HHH000412: Hibernate Core {4.3.8.Final}
2016-02-27 13:45:43 INFO  Environment:239 - HHH000206: hibernate.properties not found
2016-02-27 13:45:43 INFO  Environment:346 - HHH000021: Bytecode provider name : javassist
2016-02-27 13:45:43 INFO  Version:66 - HCANN000001: Hibernate Commons Annotations {4.0.5.Final}
2016-02-27 13:45:44 INFO  Dialect:145 - HHH000400: Using dialect: org.hibernate.dialect.MySQL5Dialect
2016-02-27 13:45:45 INFO  ASTQueryTranslatorFactory:47 - HHH000397: Using ASTQueryTranslatorFactory
2016-02-27 13:45:46 INFO  SchemaUpdate:207 - HHH000228: Running hbm2ddl schema update
2016-02-27 13:45:46 INFO  SchemaUpdate:218 - HHH000102: Fetching database metadata
2016-02-27 13:45:46 INFO  SchemaUpdate:230 - HHH000396: Updating schema
2016-02-27 13:45:46 INFO  TableMetadata:66 - HHH000261: Table found: blog.avatares
2016-02-27 13:45:46 INFO  TableMetadata:67 - HHH000037: Columns: [tipo, titulo, id, avatar]
2016-02-27 13:45:46 INFO  TableMetadata:69 - HHH000108: Foreign keys: []
2016-02-27 13:45:46 INFO  TableMetadata:70 - HHH000126: Indexes: [primary]
2016-02-27 13:45:46 INFO  TableMetadata:66 - HHH000261: Table found: blog.usuarios
2016-02-27 13:45:46 INFO  TableMetadata:67 - HHH000037: Columns: [senha_hash, avatar_id, data_cadastro, nome, id, email, perfil]
2016-02-27 13:45:46 INFO  TableMetadata:69 - HHH000108: Foreign keys: []
2016-02-27 13:45:46 INFO  TableMetadata:70 - HHH000126: Indexes: [uk_exw5vja1pgfobcpqtldhnx6uv, uk_kfsp0s1tflm1cwlj8idhqsad0, fk_1viseg42e5ulcg81pw2taux7p, primary]
2016-02-27 13:45:46 INFO  SchemaUpdate:267 - HHH000232: Schema update complete
2016-02-27 13:49:17 INFO  LogHelper:46 - HHH000204: Processing PersistenceUnitInfo [
	name: default
	...]
2016-02-27 13:49:17 INFO  Version:54 - HHH000412: Hibernate Core {4.3.8.Final}
2016-02-27 13:49:17 INFO  Environment:239 - HHH000206: hibernate.properties not found
2016-02-27 13:49:17 INFO  Environment:346 - HHH000021: Bytecode provider name : javassist
2016-02-27 13:49:18 INFO  Version:66 - HCANN000001: Hibernate Commons Annotations {4.0.5.Final}
2016-02-27 13:49:19 INFO  Dialect:145 - HHH000400: Using dialect: org.hibernate.dialect.MySQL5Dialect
2016-02-27 13:49:19 INFO  ASTQueryTranslatorFactory:47 - HHH000397: Using ASTQueryTranslatorFactory
2016-02-27 13:49:20 INFO  SchemaUpdate:207 - HHH000228: Running hbm2ddl schema update
2016-02-27 13:49:20 INFO  SchemaUpdate:218 - HHH000102: Fetching database metadata
2016-02-27 13:49:20 INFO  SchemaUpdate:230 - HHH000396: Updating schema
2016-02-27 13:49:20 INFO  TableMetadata:66 - HHH000261: Table found: blog.avatares
2016-02-27 13:49:20 INFO  TableMetadata:67 - HHH000037: Columns: [tipo, titulo, id, avatar]
2016-02-27 13:49:20 INFO  TableMetadata:69 - HHH000108: Foreign keys: []
2016-02-27 13:49:20 INFO  TableMetadata:70 - HHH000126: Indexes: [primary]
2016-02-27 13:49:20 INFO  TableMetadata:66 - HHH000261: Table found: blog.usuarios
2016-02-27 13:49:20 INFO  TableMetadata:67 - HHH000037: Columns: [senha_hash, avatar_id, data_cadastro, nome, id, email, perfil]
2016-02-27 13:49:20 INFO  TableMetadata:69 - HHH000108: Foreign keys: []
2016-02-27 13:49:20 INFO  TableMetadata:70 - HHH000126: Indexes: [uk_exw5vja1pgfobcpqtldhnx6uv, uk_kfsp0s1tflm1cwlj8idhqsad0, fk_1viseg42e5ulcg81pw2taux7p, primary]
2016-02-27 13:49:20 INFO  SchemaUpdate:267 - HHH000232: Schema update complete
2016-02-27 13:51:35 WARN  SqlExceptionHelper:144 - SQL Error: 0, SQLState: S1009
2016-02-27 13:51:35 ERROR SqlExceptionHelper:146 - Connection is read-only. Queries leading to data modification are not allowed
2016-02-27 13:52:18 INFO  LogHelper:46 - HHH000204: Processing PersistenceUnitInfo [
	name: default
	...]
2016-02-27 13:52:19 INFO  Version:54 - HHH000412: Hibernate Core {4.3.8.Final}
2016-02-27 13:52:19 INFO  Environment:239 - HHH000206: hibernate.properties not found
2016-02-27 13:52:19 INFO  Environment:346 - HHH000021: Bytecode provider name : javassist
2016-02-27 13:52:19 INFO  Version:66 - HCANN000001: Hibernate Commons Annotations {4.0.5.Final}
2016-02-27 13:52:20 INFO  Dialect:145 - HHH000400: Using dialect: org.hibernate.dialect.MySQL5Dialect
2016-02-27 13:52:21 INFO  ASTQueryTranslatorFactory:47 - HHH000397: Using ASTQueryTranslatorFactory
2016-02-27 13:52:22 INFO  SchemaUpdate:207 - HHH000228: Running hbm2ddl schema update
2016-02-27 13:52:22 INFO  SchemaUpdate:218 - HHH000102: Fetching database metadata
2016-02-27 13:52:22 INFO  SchemaUpdate:230 - HHH000396: Updating schema
2016-02-27 13:52:22 INFO  TableMetadata:66 - HHH000261: Table found: blog.avatares
2016-02-27 13:52:22 INFO  TableMetadata:67 - HHH000037: Columns: [tipo, titulo, id, avatar]
2016-02-27 13:52:22 INFO  TableMetadata:69 - HHH000108: Foreign keys: []
2016-02-27 13:52:22 INFO  TableMetadata:70 - HHH000126: Indexes: [primary]
2016-02-27 13:52:22 INFO  TableMetadata:66 - HHH000261: Table found: blog.usuarios
2016-02-27 13:52:22 INFO  TableMetadata:67 - HHH000037: Columns: [senha_hash, avatar_id, data_cadastro, nome, id, email, perfil]
2016-02-27 13:52:22 INFO  TableMetadata:69 - HHH000108: Foreign keys: []
2016-02-27 13:52:22 INFO  TableMetadata:70 - HHH000126: Indexes: [uk_exw5vja1pgfobcpqtldhnx6uv, uk_kfsp0s1tflm1cwlj8idhqsad0, fk_1viseg42e5ulcg81pw2taux7p, primary]
2016-02-27 13:52:22 INFO  SchemaUpdate:267 - HHH000232: Schema update complete
